<?xml version="1.0" encoding="UTF-8"?>
<!-- Generated by org.testng.reporters.JUnitXMLReporter -->
<testsuite ignored="36" hostname="DESKTOP-B96ST24" failures="0" tests="4" name="Admin Alert Test" time="4.21" errors="0" timestamp="2022-04-15T14:35:56 IST">
  <testcase classname="tests.AdminAlertTest" name="@BeforeMethod initForAlerts" time="0.071">
    <failure type="java.lang.IllegalStateException" message="The driver executable does not exist: C:\Users\Dell\ArexdataAutomation\qa-automation\drivers\chromedriver.exe">
      <![CDATA[java.lang.IllegalStateException: The driver executable does not exist: C:\Users\Dell\ArexdataAutomation\qa-automation\drivers\chromedriver.exe
at com.google.common.base.Preconditions.checkState(Preconditions.java:585)
at org.openqa.selenium.remote.service.DriverService.checkExecutable(DriverService.java:146)
at org.openqa.selenium.remote.service.DriverService.findExecutable(DriverService.java:141)
at org.openqa.selenium.chrome.ChromeDriverService.access$000(ChromeDriverService.java:35)
at org.openqa.selenium.chrome.ChromeDriverService$Builder.findDefaultExecutable(ChromeDriverService.java:159)
at org.openqa.selenium.remote.service.DriverService$Builder.build(DriverService.java:355)
at org.openqa.selenium.chrome.ChromeDriverService.createDefaultService(ChromeDriverService.java:94)
at org.openqa.selenium.chrome.ChromeDriver.<init>(ChromeDriver.java:123)
at utility.DriverTestCase.setup(DriverTestCase.java:74)
at tests.AdminAlertTest.initForAlerts(AdminAlertTest.java:38)
at java.base/java.util.ArrayList.forEach(ArrayList.java:1511)
at java.base/java.util.concurrent.FutureTask.run(FutureTask.java:264)
at java.base/java.util.concurrent.ThreadPoolExecutor.runWorker(ThreadPoolExecutor.java:1136)
at java.base/java.util.concurrent.ThreadPoolExecutor$Worker.run(ThreadPoolExecutor.java:635)
at java.base/java.lang.Thread.run(Thread.java:833)
... Removed 22 stack frames]]>
    </failure>
  </testcase> <!-- @BeforeMethod initForAlerts -->
  <testcase classname="tests.AdminAlertTest" name="@BeforeMethod initForAlerts" time="0.006">
    <failure type="java.lang.IllegalStateException" message="The driver executable does not exist: C:\Users\Dell\ArexdataAutomation\qa-automation\drivers\chromedriver.exe">
      <![CDATA[java.lang.IllegalStateException: The driver executable does not exist: C:\Users\Dell\ArexdataAutomation\qa-automation\drivers\chromedriver.exe
at com.google.common.base.Preconditions.checkState(Preconditions.java:585)
at org.openqa.selenium.remote.service.DriverService.checkExecutable(DriverService.java:146)
at org.openqa.selenium.remote.service.DriverService.findExecutable(DriverService.java:141)
at org.openqa.selenium.chrome.ChromeDriverService.access$000(ChromeDriverService.java:35)
at org.openqa.selenium.chrome.ChromeDriverService$Builder.findDefaultExecutable(ChromeDriverService.java:159)
at org.openqa.selenium.remote.service.DriverService$Builder.build(DriverService.java:355)
at org.openqa.selenium.chrome.ChromeDriverService.createDefaultService(ChromeDriverService.java:94)
at org.openqa.selenium.chrome.ChromeDriver.<init>(ChromeDriver.java:123)
at utility.DriverTestCase.setup(DriverTestCase.java:74)
at tests.AdminAlertTest.initForAlerts(AdminAlertTest.java:38)
at java.base/java.util.ArrayList.forEach(ArrayList.java:1511)
at java.base/java.util.concurrent.FutureTask.run(FutureTask.java:264)
at java.base/java.util.concurrent.ThreadPoolExecutor.runWorker(ThreadPoolExecutor.java:1136)
at java.base/java.util.concurrent.ThreadPoolExecutor$Worker.run(ThreadPoolExecutor.java:635)
at java.base/java.lang.Thread.run(Thread.java:833)
... Removed 22 stack frames]]>
    </failure>
  </testcase> <!-- @BeforeMethod initForAlerts -->
  <testcase classname="tests.AdminAlertTest" name="@BeforeMethod initForAlerts" time="0.007">
    <failure type="java.lang.IllegalStateException" message="The driver executable does not exist: C:\Users\Dell\ArexdataAutomation\qa-automation\drivers\chromedriver.exe">
      <![CDATA[java.lang.IllegalStateException: The driver executable does not exist: C:\Users\Dell\ArexdataAutomation\qa-automation\drivers\chromedriver.exe
at com.google.common.base.Preconditions.checkState(Preconditions.java:585)
at org.openqa.selenium.remote.service.DriverService.checkExecutable(DriverService.java:146)
at org.openqa.selenium.remote.service.DriverService.findExecutable(DriverService.java:141)
at org.openqa.selenium.chrome.ChromeDriverService.access$000(ChromeDriverService.java:35)
at org.openqa.selenium.chrome.ChromeDriverService$Builder.findDefaultExecutable(ChromeDriverService.java:159)
at org.openqa.selenium.remote.service.DriverService$Builder.build(DriverService.java:355)
at org.openqa.selenium.chrome.ChromeDriverService.createDefaultService(ChromeDriverService.java:94)
at org.openqa.selenium.chrome.ChromeDriver.<init>(ChromeDriver.java:123)
at utility.DriverTestCase.setup(DriverTestCase.java:74)
at tests.AdminAlertTest.initForAlerts(AdminAlertTest.java:38)
at java.base/java.util.ArrayList.forEach(ArrayList.java:1511)
at java.base/java.util.concurrent.FutureTask.run(FutureTask.java:264)
at java.base/java.util.concurrent.ThreadPoolExecutor.runWorker(ThreadPoolExecutor.java:1136)
at java.base/java.util.concurrent.ThreadPoolExecutor$Worker.run(ThreadPoolExecutor.java:635)
at java.base/java.lang.Thread.run(Thread.java:833)
... Removed 22 stack frames]]>
    </failure>
  </testcase> <!-- @BeforeMethod initForAlerts -->
  <testcase classname="tests.AdminAlertTest" name="@BeforeMethod initForAlerts" time="0.018">
    <failure type="java.lang.IllegalStateException" message="The driver executable does not exist: C:\Users\Dell\ArexdataAutomation\qa-automation\drivers\chromedriver.exe">
      <![CDATA[java.lang.IllegalStateException: The driver executable does not exist: C:\Users\Dell\ArexdataAutomation\qa-automation\drivers\chromedriver.exe
at com.google.common.base.Preconditions.checkState(Preconditions.java:585)
at org.openqa.selenium.remote.service.DriverService.checkExecutable(DriverService.java:146)
at org.openqa.selenium.remote.service.DriverService.findExecutable(DriverService.java:141)
at org.openqa.selenium.chrome.ChromeDriverService.access$000(ChromeDriverService.java:35)
at org.openqa.selenium.chrome.ChromeDriverService$Builder.findDefaultExecutable(ChromeDriverService.java:159)
at org.openqa.selenium.remote.service.DriverService$Builder.build(DriverService.java:355)
at org.openqa.selenium.chrome.ChromeDriverService.createDefaultService(ChromeDriverService.java:94)
at org.openqa.selenium.chrome.ChromeDriver.<init>(ChromeDriver.java:123)
at utility.DriverTestCase.setup(DriverTestCase.java:74)
at tests.AdminAlertTest.initForAlerts(AdminAlertTest.java:38)
at java.base/java.util.ArrayList.forEach(ArrayList.java:1511)
at java.base/java.util.concurrent.FutureTask.run(FutureTask.java:264)
at java.base/java.util.concurrent.ThreadPoolExecutor.runWorker(ThreadPoolExecutor.java:1136)
at java.base/java.util.concurrent.ThreadPoolExecutor$Worker.run(ThreadPoolExecutor.java:635)
at java.base/java.lang.Thread.run(Thread.java:833)
... Removed 22 stack frames]]>
    </failure>
  </testcase> <!-- @BeforeMethod initForAlerts -->
  <testcase classname="tests.AdminAlertTest" name="testActivityLessthanXhoursCriticalAlertCreated" time="0.0">
    <skipped/>
  </testcase> <!-- testActivityLessthanXhoursCriticalAlertCreated -->
  <testcase classname="tests.AdminAlertTest" name="testActivityLessthanXhoursInfoAlertCreated" time="0.0">
    <skipped/>
  </testcase> <!-- testActivityLessthanXhoursInfoAlertCreated -->
  <testcase classname="tests.AdminAlertTest" name="testActivityLessthanXhoursWarningAlertCreated" time="0.0">
    <skipped/>
  </testcase> <!-- testActivityLessthanXhoursWarningAlertCreated -->
  <testcase classname="tests.AdminAlertTest" name="testUserIsAbleToFilterAlertWithNameContains" time="0.0">
    <skipped/>
  </testcase> <!-- testUserIsAbleToFilterAlertWithNameContains -->
  <testcase classname="tests.AdminAlertTest" name="testUserIsAbleToEditExistingAlert" time="0.0">
    <ignored/>
  </testcase> <!-- testUserIsAbleToEditExistingAlert -->
  <testcase classname="tests.AdminAlertTest" name="testNoItemsIsDisplayedWhenUserApplyFilterWithnetaapKeywordAndStarWithConditionForIntegratorsFields" time="0.0">
    <ignored/>
  </testcase> <!-- testNoItemsIsDisplayedWhenUserApplyFilterWithnetaapKeywordAndStarWithConditionForIntegratorsFields -->
  <testcase classname="tests.AdminAlertTest" name="testCreateAnAlertFileOperationOffice365ForUploadedOperation" time="0.0">
    <ignored/>
  </testcase> <!-- testCreateAnAlertFileOperationOffice365ForUploadedOperation -->
  <testcase classname="tests.AdminAlertTest" name="testCreateAnAlertOfNetAppQaFileOperationOnIntegratorsForReadOperation" time="0.0">
    <ignored/>
  </testcase> <!-- testCreateAnAlertOfNetAppQaFileOperationOnIntegratorsForReadOperation -->
  <testcase classname="tests.AdminAlertTest" name="testUserIsAbleToFilterAlertBySeverityAsWarning" time="0.0">
    <ignored/>
  </testcase> <!-- testUserIsAbleToFilterAlertBySeverityAsWarning -->
  <testcase classname="tests.AdminAlertTest" name="testCreateAnAlertFileOperationOffice365ForRenamedOperation" time="0.0">
    <ignored/>
  </testcase> <!-- testCreateAnAlertFileOperationOffice365ForRenamedOperation -->
  <testcase classname="tests.AdminAlertTest" name="testCreateAnAlertFileOperationOffice365ForDeletedOperation" time="0.0">
    <ignored/>
  </testcase> <!-- testCreateAnAlertFileOperationOffice365ForDeletedOperation -->
  <testcase classname="tests.AdminAlertTest" name="testCreateAnAlertOfNetAppQaFileOperationOnIntegratorsForDeletedOperation" time="0.0">
    <ignored/>
  </testcase> <!-- testCreateAnAlertOfNetAppQaFileOperationOnIntegratorsForDeletedOperation -->
  <testcase classname="tests.AdminAlertTest" name="testNoItemsIsDisplayedWhenUserApplyFilterWithUnmatchedKeywordAndContainsConditionForIntegratorsFields" time="0.0">
    <ignored/>
  </testcase> <!-- testNoItemsIsDisplayedWhenUserApplyFilterWithUnmatchedKeywordAndContainsConditionForIntegratorsFields -->
  <testcase classname="tests.AdminAlertTest" name="testUserIsAbleToFilterAlertBySeverityAsCritical" time="0.0">
    <ignored/>
  </testcase> <!-- testUserIsAbleToFilterAlertBySeverityAsCritical -->
  <testcase classname="tests.AdminAlertTest" name="testCreateAnAlertOfFileOperationOnAgentsForDeleteOperation" time="0.0">
    <ignored/>
  </testcase> <!-- testCreateAnAlertOfFileOperationOnAgentsForDeleteOperation -->
  <testcase classname="tests.AdminAlertTest" name="testCreateAnAlertOfFileOperationOnIntegratorWindowServerAgentasReadOperationAlert" time="0.0">
    <ignored/>
  </testcase> <!-- testCreateAnAlertOfFileOperationOnIntegratorWindowServerAgentasReadOperationAlert -->
  <testcase classname="tests.AdminAlertTest" name="testNoItemsIsDisplayedWhenUserApplyFilterWithQAKeywordAndEqualsConditionForIntegratorsFields" time="0.0">
    <ignored/>
  </testcase> <!-- testNoItemsIsDisplayedWhenUserApplyFilterWithQAKeywordAndEqualsConditionForIntegratorsFields -->
  <testcase classname="tests.AdminAlertTest" name="testUserIsAbleToFilterAlertByIntegrationNameFileOperationOnIntegrators" time="0.0">
    <ignored/>
  </testcase> <!-- testUserIsAbleToFilterAlertByIntegrationNameFileOperationOnIntegrators -->
  <testcase classname="tests.AdminAlertTest" name="testCreateAnAlertOfFileOperationOnIntegratorWindowServerAgentDeletedOperationAlert" time="0.0">
    <ignored/>
  </testcase> <!-- testCreateAnAlertOfFileOperationOnIntegratorWindowServerAgentDeletedOperationAlert -->
  <testcase classname="tests.AdminAlertTest" name="testUserIsAbleToFilterAlertByNameTypeIntegrationAndSeverity" time="0.0">
    <ignored/>
  </testcase> <!-- testUserIsAbleToFilterAlertByNameTypeIntegrationAndSeverity -->
  <testcase classname="tests.AdminAlertTest" name="testCreateAnAlertOfNetAppQaFileOperationOnIntegratorsForModifiedOperation" time="0.0">
    <ignored/>
  </testcase> <!-- testCreateAnAlertOfNetAppQaFileOperationOnIntegratorsForModifiedOperation -->
  <testcase classname="tests.AdminAlertTest" name="testCreateAnAlertOfFileOperationOnIntegratorWindowServerAgentasModifiedOperationAlert" time="0.0">
    <ignored/>
  </testcase> <!-- testCreateAnAlertOfFileOperationOnIntegratorWindowServerAgentasModifiedOperationAlert -->
  <testcase classname="tests.AdminAlertTest" name="testCreateAnAlertOfFileOperationOnAgentsForModifiedOperation" time="0.0">
    <ignored/>
  </testcase> <!-- testCreateAnAlertOfFileOperationOnAgentsForModifiedOperation -->
  <testcase classname="tests.AdminAlertTest" name="testCreateAnAlertOfFileOperationOnAgentsForCreatedOperation" time="0.0">
    <ignored/>
  </testcase> <!-- testCreateAnAlertOfFileOperationOnAgentsForCreatedOperation -->
  <testcase classname="tests.AdminAlertTest" name="testCreateAnAlertFileOperationOffice365ForModifiedOperation" time="0.0">
    <ignored/>
  </testcase> <!-- testCreateAnAlertFileOperationOffice365ForModifiedOperation -->
  <testcase classname="tests.AdminAlertTest" name="testCreateAnAlertOfFileOperationOnAgentsForRenamedOperation" time="0.0">
    <ignored/>
  </testcase> <!-- testCreateAnAlertOfFileOperationOnAgentsForRenamedOperation -->
  <testcase classname="tests.AdminAlertTest" name="testUserIsAbleToFilterAlertWithNameStartWith" time="0.0">
    <ignored/>
  </testcase> <!-- testUserIsAbleToFilterAlertWithNameStartWith -->
  <testcase classname="tests.AdminAlertTest" name="testUserIsAbleToFilterAlertByNameTypeAndIntegration" time="0.0">
    <ignored/>
  </testcase> <!-- testUserIsAbleToFilterAlertByNameTypeAndIntegration -->
  <testcase classname="tests.AdminAlertTest" name="testCreateAnAlertOfFileOperationOnIntegratorWindowServerAgentasCreatedOperationAlert" time="0.0">
    <ignored/>
  </testcase> <!-- testCreateAnAlertOfFileOperationOnIntegratorWindowServerAgentasCreatedOperationAlert -->
  <testcase classname="tests.AdminAlertTest" name="testUserIsAbleToFilterAlertByIntegrationNameActivityLessThanXHours" time="0.0">
    <ignored/>
  </testcase> <!-- testUserIsAbleToFilterAlertByIntegrationNameActivityLessThanXHours -->
  <testcase classname="tests.AdminAlertTest" name="testUserIsAbleToFilterAlertEqualsToNetAppQAInIntegrators" time="0.0">
    <ignored/>
  </testcase> <!-- testUserIsAbleToFilterAlertEqualsToNetAppQAInIntegrators -->
  <testcase classname="tests.AdminAlertTest" name="testCreateAnAlertOfNetAppQaFileOperationOnIntegratorsForCreatedOperation" time="0.0">
    <ignored/>
  </testcase> <!-- testCreateAnAlertOfNetAppQaFileOperationOnIntegratorsForCreatedOperation -->
  <testcase classname="tests.AdminAlertTest" name="testCreateAnAlertFileOperationOffice365ForReadOperation" time="0.0">
    <ignored/>
  </testcase> <!-- testCreateAnAlertFileOperationOffice365ForReadOperation -->
  <testcase classname="tests.AdminAlertTest" name="testUserIsAbleToFilterAlertByIntegrationNameFileOperationOnAgents" time="0.0">
    <ignored/>
  </testcase> <!-- testUserIsAbleToFilterAlertByIntegrationNameFileOperationOnAgents -->
  <testcase classname="tests.AdminAlertTest" name="testUserIsAbleToFilterAlertBySeverityAsInfo" time="0.0">
    <ignored/>
  </testcase> <!-- testUserIsAbleToFilterAlertBySeverityAsInfo -->
  <testcase classname="tests.AdminAlertTest" name="testUserIsAbleToFilterAlertContainsQAInIntegrators" time="0.0">
    <ignored/>
  </testcase> <!-- testUserIsAbleToFilterAlertContainsQAInIntegrators -->
  <testcase classname="tests.AdminAlertTest" name="testUserIsAbleToFilterAlertByNameWithContainAndIntegrationAsActivityLessThanXHours" time="0.0">
    <ignored/>
  </testcase> <!-- testUserIsAbleToFilterAlertByNameWithContainAndIntegrationAsActivityLessThanXHours -->
  <testcase classname="tests.AdminAlertTest" name="testUserIsAbleToFilterAlertWithNameEquals" time="0.0">
    <ignored/>
  </testcase> <!-- testUserIsAbleToFilterAlertWithNameEquals -->
  <testcase classname="tests.AdminAlertTest" name="testUserIsAbleToGetResetDefaultValueWhenClickedOnClearButtonOnFilterPoUp" time="0.0">
    <ignored/>
  </testcase> <!-- testUserIsAbleToGetResetDefaultValueWhenClickedOnClearButtonOnFilterPoUp -->
  <testcase classname="tests.AdminAlertTest" name="testCreateAnAlertOfFileOperationOnAgentsForReadOperation" time="0.0">
    <ignored/>
  </testcase> <!-- testCreateAnAlertOfFileOperationOnAgentsForReadOperation -->
</testsuite> <!-- Admin Alert Test -->
